<html>
<body>
<pre>
<h1>µVision Build Log</h1>
<h2>Project:</h2>
F:\MicroFlyV3\Firmware\project.uvprojx
Project File Date:  09/03/2015

<h2>Output:</h2>
Build target 'mfv3-firmware'
compiling stm32f20x_40x_spi.c...
linking...
.\build\mfv3-firmware.axf: Warning: L6330W: Undefined symbol SHT$$INIT_ARRAY$$Base (referred from crt_init.o). Unused section has been removed.
.\build\mfv3-firmware.axf: Warning: L6330W: Undefined symbol SHT$$INIT_ARRAY$$Limit (referred from crt_init.o). Unused section has been removed.
Program Size: Code=61060 RO-data=6040 RW-data=484 ZI-data=6988  
Finished: 0 information, 2 warning and 0 error messages.
After Build - User command #1: fromelf --bin .\build\mfv3-firmware.axf --output rtthread.bin
".\build\mfv3-firmware.axf" - 0 Error(s), 2 Warning(s).

compiling misc.c...
compiling stm32f4xx_adc.c...
compiling stm32f4xx_can.c...
compiling stm32f4xx_crc.c...
compiling stm32f4xx_cryp.c...
compiling stm32f4xx_cryp_aes.c...
compiling stm32f4xx_cryp_des.c...
compiling stm32f4xx_cryp_tdes.c...
compiling stm32f4xx_dac.c...
compiling stm32f4xx_dbgmcu.c...
compiling stm32f4xx_dcmi.c...
compiling stm32f4xx_dma.c...
compiling stm32f4xx_exti.c...
compiling stm32f4xx_flash.c...
compiling stm32f4xx_fsmc.c...
compiling stm32f4xx_gpio.c...
compiling stm32f4xx_hash.c...
compiling stm32f4xx_hash_md5.c...
compiling stm32f4xx_hash_sha1.c...
compiling stm32f4xx_i2c.c...
compiling stm32f4xx_iwdg.c...
compiling stm32f4xx_pwr.c...
compiling stm32f4xx_rcc.c...
compiling stm32f4xx_rng.c...
compiling stm32f4xx_rtc.c...
compiling stm32f4xx_sdio.c...
compiling stm32f4xx_spi.c...
compiling stm32f4xx_syscfg.c...
compiling stm32f4xx_tim.c...
compiling stm32f4xx_usart.c...
compiling stm32f4xx_wwdg.c...
compiling clock.c...
compiling components.c...
compiling device.c...
compiling idle.c...
compiling ipc.c...
compiling irq.c...
compiling kservice.c...
compiling mem.c...
compiling mempool.c...
compiling object.c...
compiling scheduler.c...
compiling thread.c...
compiling timer.c...
compiling cpuport.c...
compiling backtrace.c...
compiling div0.c...
compiling showmem.c...
compiling crt.cpp...
compiling crt_init.c...
compiling pin.c...
compiling serial.c...
compiling spi_core.c...
compiling spi_dev.c...
compiling completion.c...
compiling dataqueue.c...
compiling pipe.c...
compiling portal.c...
compiling ringbuffer.c...
compiling workqueue.c...
compiling sensor.cpp...
compiling shell.c...
compiling symbol.c...
compiling cmd.c...
compiling finsh_compiler.c...
compiling finsh_error.c...
compiling finsh_heap.c...
compiling finsh_init.c...
compiling finsh_node.c...
compiling finsh_ops.c...
compiling finsh_parser.c...
compiling finsh_var.c...
compiling finsh_vm.c...
compiling finsh_token.c...
compiling mem_std.c...
compiling stubs.c...
".\build\mfv3-firmware.axf" - 2 Error(s), 0 Warning(s).
Target not created
): warning: At end of source:  #12-D: parsing restarts here after previous syntax error
..\rt-thread\components\cplusplus\crt.cpp: 1 warning, 9 errors
compiling crt_init.c...
compiling pin.c...
compiling serial.c...
compiling spi_core.c...
compiling spi_dev.c...
compiling completion.c...
compiling dataqueue.c...
compiling pipe.c...
compiling portal.c...
compiling ringbuffer.c...
compiling workqueue.c...
compiling sensor.cpp...
..\rt-thread\components\drivers\sensors\sensor.cpp(23): error:  #77-D: this declaration has no storage class or type specifier
  SensorBase::SensorBase(int type)
..\rt-thread\components\drivers\sensors\sensor.cpp(23): error:  #65: expected a ";"
  SensorBase::SensorBase(int type)
..\rt-thread\components\drivers\sensors\sensor.cpp(84): warning:  #12-D: parsing restarts here after previous syntax error
  static SensorBase *sensor_list = NULL;
..\rt-thread\components\drivers\sensors\sensor.cpp(86): error:  #77-D: this declaration has no storage class or type specifier
  SensorManager::SensorManager()
..\rt-thread\components\drivers\sensors\sensor.cpp(86): error:  #65: expected a ";"
  SensorManager::SensorManager()
..\rt-thread\components\drivers\sensors\sensor.cpp(232): warning: At end of source:  #12-D: parsing restarts here after previous syntax error
..\rt-thread\components\drivers\sensors\sensor.cpp: 2 warnings, 4 errors
compiling shell.c...
compiling symbol.c...
compiling cmd.c...
compiling finsh_compiler.c...
compiling finsh_error.c...
compiling finsh_heap.c...
compiling finsh_init.c...
compiling finsh_node.c...
compiling finsh_ops.c...
compiling finsh_parser.c...
compiling finsh_var.c...
compiling finsh_vm.c...
compiling finsh_token.c...
compiling mem_std.c...
compiling stubs.c...
".\build\mfv3-firmware.axf" - 13 Error(s), 3 Warning(s).
Target not created
